<?xml version="1.0" encoding="UTF-8"?>
<testsuite xmlns:xsi="http://www.w3.org/2001/XMLSchema-instance" xsi:noNamespaceSchemaLocation="https://maven.apache.org/surefire/maven-surefire-plugin/xsd/surefire-test-report-3.0.xsd" version="3.0" name="rattatoulie.demo.DemoApplicationTests" time="7.15" tests="1" errors="0" skipped="0" failures="0">
  <properties>
[...]
</properties>
  <testcase name="contextLoads" classname="rattatoulie.demo.DemoApplicationTests" time="1.225">
    <system-out><![CDATA[20:25:08.000 [main] INFO org.springframework.test.context.support.AnnotationConfigContextLoaderUtils -- Could not detect default configuration classes for test class [rattatoulie.demo.DemoApplicationTests]: DemoApplicationTests does not declare any static, non-private, non-final, nested classes annotated with @Configuration.
20:25:08.189 [main] INFO org.springframework.boot.test.context.SpringBootTestContextBootstrapper -- Found @SpringBootConfiguration rattatoulie.demo.DemoApplication for test class rattatoulie.demo.DemoApplicationTests

  .   ____          _            __ _ _
 /\\ / ___'_ __ _ _(_)_ __  __ _ \ \ \ \
( ( )\___ | '_ | '_| | '_ \/ _` | \ \ \ \
 \\/  ___)| |_)| | | | | || (_| |  ) ) ) )
  '  |____| .__|_| |_|_| |_\__, | / / / /
 =========|_|==============|___/=/_/_/_/

 :: Spring Boot ::                (v3.3.5)

2025-04-07T20:25:09.186-03:00  INFO 21224 --- [demo] [           main] rattatoulie.demo.DemoApplicationTests    : Starting DemoApplicationTests using Java 23.0.2 with PID 21224 (started by Enzo in C:\Users\Enzo\PI2025Mvn\mvnAPI)
2025-04-07T20:25:09.187-03:00  INFO 21224 --- [demo] [           main] rattatoulie.demo.DemoApplicationTests    : No active profile set, falling back to 1 default profile: "default"
2025-04-07T20:25:10.417-03:00  INFO 21224 --- [demo] [           main] .s.d.r.c.RepositoryConfigurationDelegate : Bootstrapping Spring Data MongoDB repositories in DEFAULT mode.
2025-04-07T20:25:10.548-03:00  INFO 21224 --- [demo] [           main] .s.d.r.c.RepositoryConfigurationDelegate : Finished Spring Data repository scanning in 120 ms. Found 2 MongoDB repository interfaces.
2025-04-07T20:25:11.420-03:00  INFO 21224 --- [demo] [2m0.mongodb.net] org.mongodb.driver.cluster               : Adding discovered server cluster0-shard-00-02.h02m0.mongodb.net:27017 to client view of cluster
2025-04-07T20:25:11.465-03:00  INFO 21224 --- [demo] [           main] org.mongodb.driver.client                : MongoClient with metadata {"application": {"name": "Cluster0 "}, "driver": {"name": "mongo-java-driver|sync|spring-boot", "version": "5.0.1"}, "os": {"type": "Windows", "name": "Windows 10", "architecture": "amd64", "version": "10.0"}, "platform": "Java/Oracle Corporation/23.0.2+7-58"} created with settings MongoClientSettings{readPreference=primary, writeConcern=WriteConcern{w=majority, wTimeout=null ms, journal=null}, retryWrites=true, retryReads=true, readConcern=ReadConcern{level=null}, credential=MongoCredential{mechanism=null, userName='enzonms12', source='admin', password=<hidden>, mechanismProperties=<hidden>}, transportSettings=null, commandListeners=[], codecRegistry=ProvidersCodecRegistry{codecProviders=[ValueCodecProvider{}, BsonValueCodecProvider{}, DBRefCodecProvider{}, DBObjectCodecProvider{}, DocumentCodecProvider{}, CollectionCodecProvider{}, IterableCodecProvider{}, MapCodecProvider{}, GeoJsonCodecProvider{}, GridFSFileCodecProvider{}, Jsr310CodecProvider{}, JsonObjectCodecProvider{}, BsonCodecProvider{}, EnumCodecProvider{}, com.mongodb.client.model.mql.ExpressionCodecProvider@3c0e00a8, com.mongodb.Jep395RecordCodecProvider@1860f3be, com.mongodb.KotlinCodecProvider@6cd15072]}, loggerSettings=LoggerSettings{maxDocumentLength=1000}, clusterSettings={hosts=[127.0.0.1:27017], srvHost=cluster0.h02m0.mongodb.net, srvServiceName=mongodb, mode=MULTIPLE, requiredClusterType=REPLICA_SET, requiredReplicaSetName='atlas-14jipb-shard-0', serverSelector='null', clusterListeners='[]', serverSelectionTimeout='30000 ms', localThreshold='15 ms'}, socketSettings=SocketSettings{connectTimeoutMS=10000, readTimeoutMS=0, receiveBufferSize=0, proxySettings=ProxySettings{host=null, port=null, username=null, password=null}}, heartbeatSocketSettings=SocketSettings{connectTimeoutMS=10000, readTimeoutMS=10000, receiveBufferSize=0, proxySettings=ProxySettings{host=null, port=null, username=null, password=null}}, connectionPoolSettings=ConnectionPoolSettings{maxSize=100, minSize=0, maxWaitTimeMS=120000, maxConnectionLifeTimeMS=0, maxConnectionIdleTimeMS=0, maintenanceInitialDelayMS=0, maintenanceFrequencyMS=60000, connectionPoolListeners=[], maxConnecting=2}, serverSettings=ServerSettings{heartbeatFrequencyMS=10000, minHeartbeatFrequencyMS=500, serverListeners='[]', serverMonitorListeners='[]'}, sslSettings=SslSettings{enabled=true, invalidHostNameAllowed=false, context=null}, applicationName='Cluster0 ', compressorList=[], uuidRepresentation=JAVA_LEGACY, serverApi=null, autoEncryptionSettings=null, dnsClient=null, inetAddressResolver=null, contextProvider=null}
2025-04-07T20:25:11.470-03:00  INFO 21224 --- [demo] [2m0.mongodb.net] org.mongodb.driver.cluster               : Adding discovered server cluster0-shard-00-01.h02m0.mongodb.net:27017 to client view of cluster
2025-04-07T20:25:11.476-03:00  INFO 21224 --- [demo] [2m0.mongodb.net] org.mongodb.driver.cluster               : Adding discovered server cluster0-shard-00-00.h02m0.mongodb.net:27017 to client view of cluster
2025-04-07T20:25:12.219-03:00  INFO 21224 --- [demo] [ngodb.net:27017] org.mongodb.driver.cluster               : Monitor thread successfully connected to server with description ServerDescription{address=cluster0-shard-00-00.h02m0.mongodb.net:27017, type=REPLICA_SET_SECONDARY, state=CONNECTED, ok=true, minWireVersion=0, maxWireVersion=25, maxDocumentSize=16777216, logicalSessionTimeoutMinutes=30, roundTripTimeNanos=387811700, setName='atlas-14jipb-shard-0', canonicalAddress=cluster0-shard-00-00.h02m0.mongodb.net:27017, hosts=[cluster0-shard-00-00.h02m0.mongodb.net:27017, cluster0-shard-00-01.h02m0.mongodb.net:27017, cluster0-shard-00-02.h02m0.mongodb.net:27017], passives=[], arbiters=[], primary='cluster0-shard-00-02.h02m0.mongodb.net:27017', tagSet=TagSet{[Tag{name='availabilityZone', value='sae1-az1'}, Tag{name='diskState', value='READY'}, Tag{name='nodeType', value='ELECTABLE'}, Tag{name='provider', value='AWS'}, Tag{name='region', value='SA_EAST_1'}, Tag{name='workloadType', value='OPERATIONAL'}]}, electionId=null, setVersion=28, topologyVersion=TopologyVersion{processId=67ed534e230f671dd6c9b07b, counter=4}, lastWriteDate=Mon Apr 07 20:25:13 GMT-03:00 2025, lastUpdateTimeNanos=986044727894600}
2025-04-07T20:25:12.219-03:00  INFO 21224 --- [demo] [ngodb.net:27017] org.mongodb.driver.cluster               : Monitor thread successfully connected to server with description ServerDescription{address=cluster0-shard-00-01.h02m0.mongodb.net:27017, type=REPLICA_SET_SECONDARY, state=CONNECTED, ok=true, minWireVersion=0, maxWireVersion=25, maxDocumentSize=16777216, logicalSessionTimeoutMinutes=30, roundTripTimeNanos=387782200, setName='atlas-14jipb-shard-0', canonicalAddress=cluster0-shard-00-01.h02m0.mongodb.net:27017, hosts=[cluster0-shard-00-00.h02m0.mongodb.net:27017, cluster0-shard-00-01.h02m0.mongodb.net:27017, cluster0-shard-00-02.h02m0.mongodb.net:27017], passives=[], arbiters=[], primary='cluster0-shard-00-02.h02m0.mongodb.net:27017', tagSet=TagSet{[Tag{name='availabilityZone', value='sae1-az3'}, Tag{name='diskState', value='READY'}, Tag{name='nodeType', value='ELECTABLE'}, Tag{name='provider', value='AWS'}, Tag{name='region', value='SA_EAST_1'}, Tag{name='workloadType', value='OPERATIONAL'}]}, electionId=null, setVersion=28, topologyVersion=TopologyVersion{processId=67ed59485877e6342c755d26, counter=3}, lastWriteDate=Mon Apr 07 20:25:13 GMT-03:00 2025, lastUpdateTimeNanos=986044727844800}
2025-04-07T20:25:12.224-03:00  INFO 21224 --- [demo] [ngodb.net:27017] org.mongodb.driver.cluster               : Monitor thread successfully connected to server with description ServerDescription{address=cluster0-shard-00-02.h02m0.mongodb.net:27017, type=REPLICA_SET_PRIMARY, state=CONNECTED, ok=true, minWireVersion=0, maxWireVersion=25, maxDocumentSize=16777216, logicalSessionTimeoutMinutes=30, roundTripTimeNanos=380619100, setName='atlas-14jipb-shard-0', canonicalAddress=cluster0-shard-00-02.h02m0.mongodb.net:27017, hosts=[cluster0-shard-00-00.h02m0.mongodb.net:27017, cluster0-shard-00-01.h02m0.mongodb.net:27017, cluster0-shard-00-02.h02m0.mongodb.net:27017], passives=[], arbiters=[], primary='cluster0-shard-00-02.h02m0.mongodb.net:27017', tagSet=TagSet{[Tag{name='availabilityZone', value='sae1-az2'}, Tag{name='diskState', value='READY'}, Tag{name='nodeType', value='ELECTABLE'}, Tag{name='provider', value='AWS'}, Tag{name='region', value='SA_EAST_1'}, Tag{name='workloadType', value='OPERATIONAL'}]}, electionId=7fffffff0000000000000035, setVersion=28, topologyVersion=TopologyVersion{processId=67ed56f31cd5f8823784758a, counter=6}, lastWriteDate=Mon Apr 07 20:25:13 GMT-03:00 2025, lastUpdateTimeNanos=986044727693600}
2025-04-07T20:25:12.253-03:00  INFO 21224 --- [demo] [ngodb.net:27017] org.mongodb.driver.cluster               : Discovered replica set primary cluster0-shard-00-02.h02m0.mongodb.net:27017 with max election id 7fffffff0000000000000035 and max set version 28
2025-04-07T20:25:13.585-03:00  INFO 21224 --- [demo] [           main] rattatoulie.demo.DemoApplicationTests    : Started DemoApplicationTests in 5.106 seconds (process running for 6.777)
]]></system-out>
    <system-err><![CDATA[WARNING: A Java agent has been loaded dynamically (C:\Users\Enzo\.m2\repository\net\bytebuddy\byte-buddy-agent\1.14.19\byte-buddy-agent-1.14.19.jar)
WARNING: If a serviceability tool is in use, please run with -XX:+EnableDynamicAgentLoading to hide this warning
WARNING: If a serviceability tool is not in use, please run with -Djdk.instrument.traceUsage for more information
WARNING: Dynamic loading of agents will be disallowed by default in a future release
]]></system-err>
  </testcase>
</testsuite>